

Microchip Technology PIC LITE Macro Assembler V1.37 build -260352376 
                                                                                               Wed Apr  6 01:09:58 2016

Microchip Technology Omniscient Code Generator v1.37 (Free mode) build 201603110536
     1                           	processor	16F18324
     2                           	opt	pw 120
     3                           	opt	lm
     4                           	psect	cinit,global,class=CODE,merge=1,delta=2
     5                           	psect	cstackCOMMON,global,class=COMMON,space=1,delta=1
     6                           	psect	maintext,global,class=CODE,merge=1,split=1,delta=2
     7                           	psect	text1,local,class=CODE,merge=1,delta=2
     8                           	psect	text2,local,class=CODE,merge=1,delta=2
     9                           	psect	text3,local,class=CODE,merge=1,delta=2
    10                           	psect	text4,local,class=CODE,merge=1,delta=2
    11                           	dabs	1,0x7E,2
    12  0000                     	;# 
    13  0001                     	;# 
    14  0002                     	;# 
    15  0003                     	;# 
    16  0004                     	;# 
    17  0005                     	;# 
    18  0006                     	;# 
    19  0007                     	;# 
    20  0008                     	;# 
    21  0009                     	;# 
    22  000A                     	;# 
    23  000B                     	;# 
    24  000C                     	;# 
    25  000E                     	;# 
    26  0010                     	;# 
    27  0011                     	;# 
    28  0012                     	;# 
    29  0013                     	;# 
    30  0014                     	;# 
    31  0015                     	;# 
    32  0016                     	;# 
    33  0017                     	;# 
    34  0018                     	;# 
    35  0019                     	;# 
    36  0019                     	;# 
    37  001A                     	;# 
    38  001B                     	;# 
    39  001C                     	;# 
    40  001D                     	;# 
    41  001E                     	;# 
    42  001F                     	;# 
    43  008C                     	;# 
    44  008E                     	;# 
    45  0090                     	;# 
    46  0091                     	;# 
    47  0092                     	;# 
    48  0093                     	;# 
    49  0094                     	;# 
    50  0097                     	;# 
    51  009B                     	;# 
    52  009B                     	;# 
    53  009C                     	;# 
    54  009D                     	;# 
    55  009E                     	;# 
    56  009F                     	;# 
    57  010C                     	;# 
    58  010E                     	;# 
    59  0111                     	;# 
    60  0112                     	;# 
    61  0113                     	;# 
    62  0114                     	;# 
    63  0115                     	;# 
    64  0116                     	;# 
    65  0117                     	;# 
    66  0118                     	;# 
    67  0119                     	;# 
    68  018C                     	;# 
    69  018E                     	;# 
    70  0197                     	;# 
    71  0199                     	;# 
    72  0199                     	;# 
    73  0199                     	;# 
    74  019A                     	;# 
    75  019A                     	;# 
    76  019A                     	;# 
    77  019B                     	;# 
    78  019B                     	;# 
    79  019B                     	;# 
    80  019B                     	;# 
    81  019B                     	;# 
    82  019C                     	;# 
    83  019C                     	;# 
    84  019C                     	;# 
    85  019D                     	;# 
    86  019D                     	;# 
    87  019D                     	;# 
    88  019E                     	;# 
    89  019E                     	;# 
    90  019E                     	;# 
    91  019F                     	;# 
    92  019F                     	;# 
    93  019F                     	;# 
    94  019F                     	;# 
    95  019F                     	;# 
    96  020C                     	;# 
    97  020E                     	;# 
    98  0211                     	;# 
    99  0211                     	;# 
   100  0212                     	;# 
   101  0212                     	;# 
   102  0213                     	;# 
   103  0213                     	;# 
   104  0214                     	;# 
   105  0214                     	;# 
   106  0215                     	;# 
   107  0215                     	;# 
   108  0215                     	;# 
   109  0215                     	;# 
   110  0216                     	;# 
   111  0216                     	;# 
   112  0217                     	;# 
   113  0217                     	;# 
   114  028C                     	;# 
   115  028E                     	;# 
   116  0291                     	;# 
   117  0291                     	;# 
   118  0292                     	;# 
   119  0293                     	;# 
   120  0294                     	;# 
   121  0295                     	;# 
   122  0295                     	;# 
   123  0296                     	;# 
   124  0297                     	;# 
   125  0298                     	;# 
   126  029F                     	;# 
   127  030C                     	;# 
   128  030E                     	;# 
   129  0311                     	;# 
   130  0311                     	;# 
   131  0312                     	;# 
   132  0313                     	;# 
   133  0314                     	;# 
   134  0315                     	;# 
   135  0315                     	;# 
   136  0316                     	;# 
   137  0317                     	;# 
   138  0318                     	;# 
   139  038C                     	;# 
   140  038E                     	;# 
   141  0391                     	;# 
   142  0392                     	;# 
   143  0393                     	;# 
   144  0397                     	;# 
   145  0398                     	;# 
   146  0399                     	;# 
   147  039A                     	;# 
   148  039C                     	;# 
   149  039D                     	;# 
   150  039E                     	;# 
   151  039F                     	;# 
   152  040C                     	;# 
   153  040E                     	;# 
   154  0411                     	;# 
   155  0411                     	;# 
   156  0412                     	;# 
   157  0413                     	;# 
   158  0414                     	;# 
   159  0415                     	;# 
   160  0416                     	;# 
   161  0417                     	;# 
   162  0418                     	;# 
   163  0418                     	;# 
   164  0419                     	;# 
   165  041A                     	;# 
   166  041B                     	;# 
   167  041C                     	;# 
   168  041D                     	;# 
   169  041E                     	;# 
   170  041F                     	;# 
   171  048C                     	;# 
   172  048E                     	;# 
   173  0498                     	;# 
   174  0498                     	;# 
   175  0499                     	;# 
   176  049A                     	;# 
   177  049B                     	;# 
   178  049B                     	;# 
   179  049C                     	;# 
   180  049D                     	;# 
   181  049E                     	;# 
   182  049F                     	;# 
   183  0617                     	;# 
   184  0618                     	;# 
   185  0619                     	;# 
   186  0619                     	;# 
   187  061A                     	;# 
   188  061B                     	;# 
   189  061C                     	;# 
   190  061C                     	;# 
   191  061F                     	;# 
   192  0691                     	;# 
   193  0692                     	;# 
   194  0693                     	;# 
   195  0694                     	;# 
   196  0695                     	;# 
   197  0696                     	;# 
   198  0697                     	;# 
   199  0698                     	;# 
   200  0699                     	;# 
   201  0711                     	;# 
   202  0712                     	;# 
   203  0713                     	;# 
   204  0714                     	;# 
   205  0715                     	;# 
   206  0716                     	;# 
   207  0717                     	;# 
   208  0718                     	;# 
   209  0719                     	;# 
   210  0891                     	;# 
   211  0891                     	;# 
   212  0892                     	;# 
   213  0893                     	;# 
   214  0893                     	;# 
   215  0894                     	;# 
   216  0895                     	;# 
   217  0896                     	;# 
   218  089B                     	;# 
   219  0911                     	;# 
   220  0912                     	;# 
   221  0913                     	;# 
   222  0914                     	;# 
   223  0915                     	;# 
   224  0916                     	;# 
   225  0918                     	;# 
   226  0919                     	;# 
   227  091A                     	;# 
   228  091B                     	;# 
   229  091C                     	;# 
   230  091D                     	;# 
   231  091E                     	;# 
   232  091F                     	;# 
   233  0E0F                     	;# 
   234  0E10                     	;# 
   235  0E11                     	;# 
   236  0E12                     	;# 
   237  0E13                     	;# 
   238  0E14                     	;# 
   239  0E15                     	;# 
   240  0E16                     	;# 
   241  0E17                     	;# 
   242  0E18                     	;# 
   243  0E19                     	;# 
   244  0E1A                     	;# 
   245  0E1B                     	;# 
   246  0E1C                     	;# 
   247  0E20                     	;# 
   248  0E21                     	;# 
   249  0E22                     	;# 
   250  0E24                     	;# 
   251  0E25                     	;# 
   252  0E28                     	;# 
   253  0E29                     	;# 
   254  0E2A                     	;# 
   255  0E2B                     	;# 
   256  0E2C                     	;# 
   257  0E2D                     	;# 
   258  0E2E                     	;# 
   259  0E2F                     	;# 
   260  0E90                     	;# 
   261  0E91                     	;# 
   262  0E92                     	;# 
   263  0E94                     	;# 
   264  0E95                     	;# 
   265  0EA0                     	;# 
   266  0EA1                     	;# 
   267  0EA2                     	;# 
   268  0EA3                     	;# 
   269  0EA4                     	;# 
   270  0EA5                     	;# 
   271  0F0F                     	;# 
   272  0F10                     	;# 
   273  0F11                     	;# 
   274  0F12                     	;# 
   275  0F13                     	;# 
   276  0F14                     	;# 
   277  0F15                     	;# 
   278  0F16                     	;# 
   279  0F17                     	;# 
   280  0F18                     	;# 
   281  0F19                     	;# 
   282  0F1A                     	;# 
   283  0F1B                     	;# 
   284  0F1C                     	;# 
   285  0F1D                     	;# 
   286  0F1E                     	;# 
   287  0F1F                     	;# 
   288  0F20                     	;# 
   289  0F21                     	;# 
   290  0F22                     	;# 
   291  0F23                     	;# 
   292  0F24                     	;# 
   293  0F25                     	;# 
   294  0F26                     	;# 
   295  0F27                     	;# 
   296  0F28                     	;# 
   297  0F29                     	;# 
   298  0F2A                     	;# 
   299  0F2B                     	;# 
   300  0F2C                     	;# 
   301  0F2D                     	;# 
   302  0F2E                     	;# 
   303  0F2F                     	;# 
   304  0F30                     	;# 
   305  0F31                     	;# 
   306  0F32                     	;# 
   307  0F33                     	;# 
   308  0F34                     	;# 
   309  0F35                     	;# 
   310  0F36                     	;# 
   311  0F37                     	;# 
   312  0FE4                     	;# 
   313  0FE5                     	;# 
   314  0FE6                     	;# 
   315  0FE7                     	;# 
   316  0FE8                     	;# 
   317  0FE9                     	;# 
   318  0FEA                     	;# 
   319  0FEB                     	;# 
   320  0FED                     	;# 
   321  0FEE                     	;# 
   322  0FEF                     	;# 
   323  0000                     	;# 
   324  0001                     	;# 
   325  0002                     	;# 
   326  0003                     	;# 
   327  0004                     	;# 
   328  0005                     	;# 
   329  0006                     	;# 
   330  0007                     	;# 
   331  0008                     	;# 
   332  0009                     	;# 
   333  000A                     	;# 
   334  000B                     	;# 
   335  000C                     	;# 
   336  000E                     	;# 
   337  0010                     	;# 
   338  0011                     	;# 
   339  0012                     	;# 
   340  0013                     	;# 
   341  0014                     	;# 
   342  0015                     	;# 
   343  0016                     	;# 
   344  0017                     	;# 
   345  0018                     	;# 
   346  0019                     	;# 
   347  0019                     	;# 
   348  001A                     	;# 
   349  001B                     	;# 
   350  001C                     	;# 
   351  001D                     	;# 
   352  001E                     	;# 
   353  001F                     	;# 
   354  008C                     	;# 
   355  008E                     	;# 
   356  0090                     	;# 
   357  0091                     	;# 
   358  0092                     	;# 
   359  0093                     	;# 
   360  0094                     	;# 
   361  0097                     	;# 
   362  009B                     	;# 
   363  009B                     	;# 
   364  009C                     	;# 
   365  009D                     	;# 
   366  009E                     	;# 
   367  009F                     	;# 
   368  010C                     	;# 
   369  010E                     	;# 
   370  0111                     	;# 
   371  0112                     	;# 
   372  0113                     	;# 
   373  0114                     	;# 
   374  0115                     	;# 
   375  0116                     	;# 
   376  0117                     	;# 
   377  0118                     	;# 
   378  0119                     	;# 
   379  018C                     	;# 
   380  018E                     	;# 
   381  0197                     	;# 
   382  0199                     	;# 
   383  0199                     	;# 
   384  0199                     	;# 
   385  019A                     	;# 
   386  019A                     	;# 
   387  019A                     	;# 
   388  019B                     	;# 
   389  019B                     	;# 
   390  019B                     	;# 
   391  019B                     	;# 
   392  019B                     	;# 
   393  019C                     	;# 
   394  019C                     	;# 
   395  019C                     	;# 
   396  019D                     	;# 
   397  019D                     	;# 
   398  019D                     	;# 
   399  019E                     	;# 
   400  019E                     	;# 
   401  019E                     	;# 
   402  019F                     	;# 
   403  019F                     	;# 
   404  019F                     	;# 
   405  019F                     	;# 
   406  019F                     	;# 
   407  020C                     	;# 
   408  020E                     	;# 
   409  0211                     	;# 
   410  0211                     	;# 
   411  0212                     	;# 
   412  0212                     	;# 
   413  0213                     	;# 
   414  0213                     	;# 
   415  0214                     	;# 
   416  0214                     	;# 
   417  0215                     	;# 
   418  0215                     	;# 
   419  0215                     	;# 
   420  0215                     	;# 
   421  0216                     	;# 
   422  0216                     	;# 
   423  0217                     	;# 
   424  0217                     	;# 
   425  028C                     	;# 
   426  028E                     	;# 
   427  0291                     	;# 
   428  0291                     	;# 
   429  0292                     	;# 
   430  0293                     	;# 
   431  0294                     	;# 
   432  0295                     	;# 
   433  0295                     	;# 
   434  0296                     	;# 
   435  0297                     	;# 
   436  0298                     	;# 
   437  029F                     	;# 
   438  030C                     	;# 
   439  030E                     	;# 
   440  0311                     	;# 
   441  0311                     	;# 
   442  0312                     	;# 
   443  0313                     	;# 
   444  0314                     	;# 
   445  0315                     	;# 
   446  0315                     	;# 
   447  0316                     	;# 
   448  0317                     	;# 
   449  0318                     	;# 
   450  038C                     	;# 
   451  038E                     	;# 
   452  0391                     	;# 
   453  0392                     	;# 
   454  0393                     	;# 
   455  0397                     	;# 
   456  0398                     	;# 
   457  0399                     	;# 
   458  039A                     	;# 
   459  039C                     	;# 
   460  039D                     	;# 
   461  039E                     	;# 
   462  039F                     	;# 
   463  040C                     	;# 
   464  040E                     	;# 
   465  0411                     	;# 
   466  0411                     	;# 
   467  0412                     	;# 
   468  0413                     	;# 
   469  0414                     	;# 
   470  0415                     	;# 
   471  0416                     	;# 
   472  0417                     	;# 
   473  0418                     	;# 
   474  0418                     	;# 
   475  0419                     	;# 
   476  041A                     	;# 
   477  041B                     	;# 
   478  041C                     	;# 
   479  041D                     	;# 
   480  041E                     	;# 
   481  041F                     	;# 
   482  048C                     	;# 
   483  048E                     	;# 
   484  0498                     	;# 
   485  0498                     	;# 
   486  0499                     	;# 
   487  049A                     	;# 
   488  049B                     	;# 
   489  049B                     	;# 
   490  049C                     	;# 
   491  049D                     	;# 
   492  049E                     	;# 
   493  049F                     	;# 
   494  0617                     	;# 
   495  0618                     	;# 
   496  0619                     	;# 
   497  0619                     	;# 
   498  061A                     	;# 
   499  061B                     	;# 
   500  061C                     	;# 
   501  061C                     	;# 
   502  061F                     	;# 
   503  0691                     	;# 
   504  0692                     	;# 
   505  0693                     	;# 
   506  0694                     	;# 
   507  0695                     	;# 
   508  0696                     	;# 
   509  0697                     	;# 
   510  0698                     	;# 
   511  0699                     	;# 
   512  0711                     	;# 
   513  0712                     	;# 
   514  0713                     	;# 
   515  0714                     	;# 
   516  0715                     	;# 
   517  0716                     	;# 
   518  0717                     	;# 
   519  0718                     	;# 
   520  0719                     	;# 
   521  0891                     	;# 
   522  0891                     	;# 
   523  0892                     	;# 
   524  0893                     	;# 
   525  0893                     	;# 
   526  0894                     	;# 
   527  0895                     	;# 
   528  0896                     	;# 
   529  089B                     	;# 
   530  0911                     	;# 
   531  0912                     	;# 
   532  0913                     	;# 
   533  0914                     	;# 
   534  0915                     	;# 
   535  0916                     	;# 
   536  0918                     	;# 
   537  0919                     	;# 
   538  091A                     	;# 
   539  091B                     	;# 
   540  091C                     	;# 
   541  091D                     	;# 
   542  091E                     	;# 
   543  091F                     	;# 
   544  0E0F                     	;# 
   545  0E10                     	;# 
   546  0E11                     	;# 
   547  0E12                     	;# 
   548  0E13                     	;# 
   549  0E14                     	;# 
   550  0E15                     	;# 
   551  0E16                     	;# 
   552  0E17                     	;# 
   553  0E18                     	;# 
   554  0E19                     	;# 
   555  0E1A                     	;# 
   556  0E1B                     	;# 
   557  0E1C                     	;# 
   558  0E20                     	;# 
   559  0E21                     	;# 
   560  0E22                     	;# 
   561  0E24                     	;# 
   562  0E25                     	;# 
   563  0E28                     	;# 
   564  0E29                     	;# 
   565  0E2A                     	;# 
   566  0E2B                     	;# 
   567  0E2C                     	;# 
   568  0E2D                     	;# 
   569  0E2E                     	;# 
   570  0E2F                     	;# 
   571  0E90                     	;# 
   572  0E91                     	;# 
   573  0E92                     	;# 
   574  0E94                     	;# 
   575  0E95                     	;# 
   576  0EA0                     	;# 
   577  0EA1                     	;# 
   578  0EA2                     	;# 
   579  0EA3                     	;# 
   580  0EA4                     	;# 
   581  0EA5                     	;# 
   582  0F0F                     	;# 
   583  0F10                     	;# 
   584  0F11                     	;# 
   585  0F12                     	;# 
   586  0F13                     	;# 
   587  0F14                     	;# 
   588  0F15                     	;# 
   589  0F16                     	;# 
   590  0F17                     	;# 
   591  0F18                     	;# 
   592  0F19                     	;# 
   593  0F1A                     	;# 
   594  0F1B                     	;# 
   595  0F1C                     	;# 
   596  0F1D                     	;# 
   597  0F1E                     	;# 
   598  0F1F                     	;# 
   599  0F20                     	;# 
   600  0F21                     	;# 
   601  0F22                     	;# 
   602  0F23                     	;# 
   603  0F24                     	;# 
   604  0F25                     	;# 
   605  0F26                     	;# 
   606  0F27                     	;# 
   607  0F28                     	;# 
   608  0F29                     	;# 
   609  0F2A                     	;# 
   610  0F2B                     	;# 
   611  0F2C                     	;# 
   612  0F2D                     	;# 
   613  0F2E                     	;# 
   614  0F2F                     	;# 
   615  0F30                     	;# 
   616  0F31                     	;# 
   617  0F32                     	;# 
   618  0F33                     	;# 
   619  0F34                     	;# 
   620  0F35                     	;# 
   621  0F36                     	;# 
   622  0F37                     	;# 
   623  0FE4                     	;# 
   624  0FE5                     	;# 
   625  0FE6                     	;# 
   626  0FE7                     	;# 
   627  0FE8                     	;# 
   628  0FE9                     	;# 
   629  0FEA                     	;# 
   630  0FEB                     	;# 
   631  0FED                     	;# 
   632  0FEE                     	;# 
   633  0FEF                     	;# 
   634  0000                     	;# 
   635  0001                     	;# 
   636  0002                     	;# 
   637  0003                     	;# 
   638  0004                     	;# 
   639  0005                     	;# 
   640  0006                     	;# 
   641  0007                     	;# 
   642  0008                     	;# 
   643  0009                     	;# 
   644  000A                     	;# 
   645  000B                     	;# 
   646  000C                     	;# 
   647  000E                     	;# 
   648  0010                     	;# 
   649  0011                     	;# 
   650  0012                     	;# 
   651  0013                     	;# 
   652  0014                     	;# 
   653  0015                     	;# 
   654  0016                     	;# 
   655  0017                     	;# 
   656  0018                     	;# 
   657  0019                     	;# 
   658  0019                     	;# 
   659  001A                     	;# 
   660  001B                     	;# 
   661  001C                     	;# 
   662  001D                     	;# 
   663  001E                     	;# 
   664  001F                     	;# 
   665  008C                     	;# 
   666  008E                     	;# 
   667  0090                     	;# 
   668  0091                     	;# 
   669  0092                     	;# 
   670  0093                     	;# 
   671  0094                     	;# 
   672  0097                     	;# 
   673  009B                     	;# 
   674  009B                     	;# 
   675  009C                     	;# 
   676  009D                     	;# 
   677  009E                     	;# 
   678  009F                     	;# 
   679  010C                     	;# 
   680  010E                     	;# 
   681  0111                     	;# 
   682  0112                     	;# 
   683  0113                     	;# 
   684  0114                     	;# 
   685  0115                     	;# 
   686  0116                     	;# 
   687  0117                     	;# 
   688  0118                     	;# 
   689  0119                     	;# 
   690  018C                     	;# 
   691  018E                     	;# 
   692  0197                     	;# 
   693  0199                     	;# 
   694  0199                     	;# 
   695  0199                     	;# 
   696  019A                     	;# 
   697  019A                     	;# 
   698  019A                     	;# 
   699  019B                     	;# 
   700  019B                     	;# 
   701  019B                     	;# 
   702  019B                     	;# 
   703  019B                     	;# 
   704  019C                     	;# 
   705  019C                     	;# 
   706  019C                     	;# 
   707  019D                     	;# 
   708  019D                     	;# 
   709  019D                     	;# 
   710  019E                     	;# 
   711  019E                     	;# 
   712  019E                     	;# 
   713  019F                     	;# 
   714  019F                     	;# 
   715  019F                     	;# 
   716  019F                     	;# 
   717  019F                     	;# 
   718  020C                     	;# 
   719  020E                     	;# 
   720  0211                     	;# 
   721  0211                     	;# 
   722  0212                     	;# 
   723  0212                     	;# 
   724  0213                     	;# 
   725  0213                     	;# 
   726  0214                     	;# 
   727  0214                     	;# 
   728  0215                     	;# 
   729  0215                     	;# 
   730  0215                     	;# 
   731  0215                     	;# 
   732  0216                     	;# 
   733  0216                     	;# 
   734  0217                     	;# 
   735  0217                     	;# 
   736  028C                     	;# 
   737  028E                     	;# 
   738  0291                     	;# 
   739  0291                     	;# 
   740  0292                     	;# 
   741  0293                     	;# 
   742  0294                     	;# 
   743  0295                     	;# 
   744  0295                     	;# 
   745  0296                     	;# 
   746  0297                     	;# 
   747  0298                     	;# 
   748  029F                     	;# 
   749  030C                     	;# 
   750  030E                     	;# 
   751  0311                     	;# 
   752  0311                     	;# 
   753  0312                     	;# 
   754  0313                     	;# 
   755  0314                     	;# 
   756  0315                     	;# 
   757  0315                     	;# 
   758  0316                     	;# 
   759  0317                     	;# 
   760  0318                     	;# 
   761  038C                     	;# 
   762  038E                     	;# 
   763  0391                     	;# 
   764  0392                     	;# 
   765  0393                     	;# 
   766  0397                     	;# 
   767  0398                     	;# 
   768  0399                     	;# 
   769  039A                     	;# 
   770  039C                     	;# 
   771  039D                     	;# 
   772  039E                     	;# 
   773  039F                     	;# 
   774  040C                     	;# 
   775  040E                     	;# 
   776  0411                     	;# 
   777  0411                     	;# 
   778  0412                     	;# 
   779  0413                     	;# 
   780  0414                     	;# 
   781  0415                     	;# 
   782  0416                     	;# 
   783  0417                     	;# 
   784  0418                     	;# 
   785  0418                     	;# 
   786  0419                     	;# 
   787  041A                     	;# 
   788  041B                     	;# 
   789  041C                     	;# 
   790  041D                     	;# 
   791  041E                     	;# 
   792  041F                     	;# 
   793  048C                     	;# 
   794  048E                     	;# 
   795  0498                     	;# 
   796  0498                     	;# 
   797  0499                     	;# 
   798  049A                     	;# 
   799  049B                     	;# 
   800  049B                     	;# 
   801  049C                     	;# 
   802  049D                     	;# 
   803  049E                     	;# 
   804  049F                     	;# 
   805  0617                     	;# 
   806  0618                     	;# 
   807  0619                     	;# 
   808  0619                     	;# 
   809  061A                     	;# 
   810  061B                     	;# 
   811  061C                     	;# 
   812  061C                     	;# 
   813  061F                     	;# 
   814  0691                     	;# 
   815  0692                     	;# 
   816  0693                     	;# 
   817  0694                     	;# 
   818  0695                     	;# 
   819  0696                     	;# 
   820  0697                     	;# 
   821  0698                     	;# 
   822  0699                     	;# 
   823  0711                     	;# 
   824  0712                     	;# 
   825  0713                     	;# 
   826  0714                     	;# 
   827  0715                     	;# 
   828  0716                     	;# 
   829  0717                     	;# 
   830  0718                     	;# 
   831  0719                     	;# 
   832  0891                     	;# 
   833  0891                     	;# 
   834  0892                     	;# 
   835  0893                     	;# 
   836  0893                     	;# 
   837  0894                     	;# 
   838  0895                     	;# 
   839  0896                     	;# 
   840  089B                     	;# 
   841  0911                     	;# 
   842  0912                     	;# 
   843  0913                     	;# 
   844  0914                     	;# 
   845  0915                     	;# 
   846  0916                     	;# 
   847  0918                     	;# 
   848  0919                     	;# 
   849  091A                     	;# 
   850  091B                     	;# 
   851  091C                     	;# 
   852  091D                     	;# 
   853  091E                     	;# 
   854  091F                     	;# 
   855  0E0F                     	;# 
   856  0E10                     	;# 
   857  0E11                     	;# 
   858  0E12                     	;# 
   859  0E13                     	;# 
   860  0E14                     	;# 
   861  0E15                     	;# 
   862  0E16                     	;# 
   863  0E17                     	;# 
   864  0E18                     	;# 
   865  0E19                     	;# 
   866  0E1A                     	;# 
   867  0E1B                     	;# 
   868  0E1C                     	;# 
   869  0E20                     	;# 
   870  0E21                     	;# 
   871  0E22                     	;# 
   872  0E24                     	;# 
   873  0E25                     	;# 
   874  0E28                     	;# 
   875  0E29                     	;# 
   876  0E2A                     	;# 
   877  0E2B                     	;# 
   878  0E2C                     	;# 
   879  0E2D                     	;# 
   880  0E2E                     	;# 
   881  0E2F                     	;# 
   882  0E90                     	;# 
   883  0E91                     	;# 
   884  0E92                     	;# 
   885  0E94                     	;# 
   886  0E95                     	;# 
   887  0EA0                     	;# 
   888  0EA1                     	;# 
   889  0EA2                     	;# 
   890  0EA3                     	;# 
   891  0EA4                     	;# 
   892  0EA5                     	;# 
   893  0F0F                     	;# 
   894  0F10                     	;# 
   895  0F11                     	;# 
   896  0F12                     	;# 
   897  0F13                     	;# 
   898  0F14                     	;# 
   899  0F15                     	;# 
   900  0F16                     	;# 
   901  0F17                     	;# 
   902  0F18                     	;# 
   903  0F19                     	;# 
   904  0F1A                     	;# 
   905  0F1B                     	;# 
   906  0F1C                     	;# 
   907  0F1D                     	;# 
   908  0F1E                     	;# 
   909  0F1F                     	;# 
   910  0F20                     	;# 
   911  0F21                     	;# 
   912  0F22                     	;# 
   913  0F23                     	;# 
   914  0F24                     	;# 
   915  0F25                     	;# 
   916  0F26                     	;# 
   917  0F27                     	;# 
   918  0F28                     	;# 
   919  0F29                     	;# 
   920  0F2A                     	;# 
   921  0F2B                     	;# 
   922  0F2C                     	;# 
   923  0F2D                     	;# 
   924  0F2E                     	;# 
   925  0F2F                     	;# 
   926  0F30                     	;# 
   927  0F31                     	;# 
   928  0F32                     	;# 
   929  0F33                     	;# 
   930  0F34                     	;# 
   931  0F35                     	;# 
   932  0F36                     	;# 
   933  0F37                     	;# 
   934  0FE4                     	;# 
   935  0FE5                     	;# 
   936  0FE6                     	;# 
   937  0FE7                     	;# 
   938  0FE8                     	;# 
   939  0FE9                     	;# 
   940  0FEA                     	;# 
   941  0FEB                     	;# 
   942  0FED                     	;# 
   943  0FEE                     	;# 
   944  0FEF                     	;# 
   945  000C                     _PORTA	set	12
   946  000E                     _PORTC	set	14
   947  000E                     _PORTCbits	set	14
   948  009D                     _ADCON0	set	157
   949  009D                     _ADCON0bits	set	157
   950  009E                     _ADCON1	set	158
   951  009C                     _ADRESH	set	156
   952  009B                     _ADRESL	set	155
   953  008C                     _TRISA	set	140
   954  008E                     _TRISC	set	142
   955  0097                     _WDTCON	set	151
   956  018C                     _ANSELA	set	396
   957  018E                     _ANSELC	set	398
   958  0215                     _SSP1CON1	set	533
   959  0217                     _SSP1CON3	set	535
   960  0214                     _SSP1STAT	set	532
   961  0E0F                     _PPSLOCK	set	3599
   962  0E0F                     _PPSLOCKbits	set	3599
   963  0E20                     _SSP1CLKPPSbits	set	3616
   964  0E21                     _SSP1DATPPSbits	set	3617
   965  0E22                     _SSP1SSPPSbits	set	3618
   966  0EA2                     _RC2PPSbits	set	3746
   967                           
   968                           ; #config settings
   969  0000                     
   970                           	psect	cinit
   971  07FD                     start_initialization:	
   972  07FD                     __initialization:	
   973  07FD                     end_of_initialization:	
   974                           ;End of C runtime variable initialization code
   975                           
   976  07FD                     __end_of__initialization:	
   977  07FD  0020               	movlb	0
   978  07FE  3187  2FAF         	ljmp	_main	;jump to C main() function
   979                           
   980                           	psect	cstackCOMMON
   981  0070                     __pcstackCOMMON:	
   982  0070                     ?_ports_initialize:	
   983  0070                     ??_ports_initialize:	
   984                           ; 1 bytes @ 0x0
   985                           
   986  0070                     ?_SPI_initialize:	
   987                           ; 1 bytes @ 0x0
   988                           
   989  0070                     ??_SPI_initialize:	
   990                           ; 1 bytes @ 0x0
   991                           
   992  0070                     ?_ADC_initialize:	
   993                           ; 1 bytes @ 0x0
   994                           
   995  0070                     ??_ADC_initialize:	
   996                           ; 1 bytes @ 0x0
   997                           
   998  0070                     ?_main:	
   999                           ; 1 bytes @ 0x0
  1000                           
  1001  0070                     ?_ADC_read:	
  1002                           ; 1 bytes @ 0x0
  1003                           
  1004                           
  1005                           ; 2 bytes @ 0x0
  1006  0070                     	ds	3
  1007  0073                     ??_ADC_read:	
  1008  0073                     ADC_read@channel:	
  1009                           ; 1 bytes @ 0x3
  1010                           
  1011                           
  1012                           ; 1 bytes @ 0x3
  1013  0073                     	ds	1
  1014  0074                     ??_main:	
  1015                           
  1016                           ; 1 bytes @ 0x4
  1017  0074                     	ds	3
  1018  0077                     main@battery_voltage:	
  1019                           
  1020                           ; 2 bytes @ 0x7
  1021  0077                     	ds	2
  1022  0079                     main@time:	
  1023                           
  1024                           ; 2 bytes @ 0x9
  1025  0079                     	ds	2
  1026  007B                     main@i:	
  1027                           
  1028                           ; 1 bytes @ 0xB
  1029  007B                     	ds	1
  1030                           
  1031                           	psect	maintext
  1032  07AF                     __pmaintext:	
  1033 ;;
  1034 ;;Main: autosize = 0, tempsize = 3, incstack = 0, save=0
  1035 ;;
  1036 ;; *************** function _main *****************
  1037 ;; Defined at:
  1038 ;;		line 16 in file "powerSystem.c"
  1039 ;; Parameters:    Size  Location     Type
  1040 ;;		None
  1041 ;; Auto vars:     Size  Location     Type
  1042 ;;  i               1   11[COMMON] unsigned char 
  1043 ;;  time            2    9[COMMON] unsigned int 
  1044 ;;  battery_volt    2    7[COMMON] unsigned int 
  1045 ;; Return value:  Size  Location     Type
  1046 ;;                  1    wreg      void 
  1047 ;; Registers used:
  1048 ;;		wreg, status,2, status,0, pclath, cstack
  1049 ;; Tracked objects:
  1050 ;;		On entry : B1F/0
  1051 ;;		On exit  : 0/0
  1052 ;;		Unchanged: 0/0
  1053 ;; Data sizes:     COMMON   BANK0   BANK1   BANK2   BANK3   BANK4   BANK5   BANK6
  1054 ;;      Params:         0       0       0       0       0       0       0       0
  1055 ;;      Locals:         5       0       0       0       0       0       0       0
  1056 ;;      Temps:          3       0       0       0       0       0       0       0
  1057 ;;      Totals:         8       0       0       0       0       0       0       0
  1058 ;;Total ram usage:        8 bytes
  1059 ;; Hardware stack levels required when called:    1
  1060 ;; This function calls:
  1061 ;;		_ADC_initialize
  1062 ;;		_ADC_read
  1063 ;;		_SPI_initialize
  1064 ;;		_ports_initialize
  1065 ;; This function is called by:
  1066 ;;		Startup code after reset
  1067 ;; This function uses a non-reentrant model
  1068 ;;
  1069                           
  1070                           
  1071                           ;psect for function _main
  1072  07AF                     _main:	
  1073                           
  1074                           ;powerSystem.c: 18: unsigned int time = 0;
  1075                           
  1076                           ;incstack = 0
  1077                           ; Regs used in _main: [wreg+status,2+status,0+pclath+cstack]
  1078  07AF  01F9               	clrf	main@time
  1079  07B0  01FA               	clrf	main@time+1
  1080                           
  1081                           ;powerSystem.c: 21: unsigned int battery_voltage = 0;
  1082  07B1  01F7               	clrf	main@battery_voltage
  1083  07B2  01F8               	clrf	main@battery_voltage+1
  1084                           
  1085                           ;powerSystem.c: 23: ports_initialize();
  1086  07B3  3187  276F  3187   	fcall	_ports_initialize
  1087                           
  1088                           ;powerSystem.c: 24: ADC_initialize();
  1089  07B6  3187  276B  3187   	fcall	_ADC_initialize
  1090                           
  1091                           ;powerSystem.c: 25: SPI_initialize();
  1092  07B9  3187  278B  3187   	fcall	_SPI_initialize
  1093                           
  1094                           ;powerSystem.c: 27: WDTCON = 0b00011000;
  1095  07BC  3018               	movlw	24
  1096  07BD  0021               	movlb	1	; select bank1
  1097  07BE  0097               	movwf	23	;volatile
  1098  07BF  0064               	clrwdt	;# 
  1099  07C0                     l50:	
  1100                           ;powerSystem.c: 31: while(1)
  1101                           
  1102  07C0  0063               	sleep	;# 
  1103                           
  1104                           ;powerSystem.c: 35: time++;
  1105  07C1  3001               	movlw	1
  1106  07C2  07F9               	addwf	main@time,f
  1107  07C3  3000               	movlw	0
  1108  07C4  3DFA               	addwfc	main@time+1,f
  1109                           
  1110                           ;powerSystem.c: 37: battery_voltage = ADC_read(0x09);
  1111  07C5  3009               	movlw	9
  1112  07C6  3187  277C  3187   	fcall	_ADC_read
  1113  07C9  0871               	movf	?_ADC_read+1,w
  1114  07CA  00F8               	movwf	main@battery_voltage+1
  1115  07CB  0870               	movf	?_ADC_read,w
  1116  07CC  00F7               	movwf	main@battery_voltage
  1117                           
  1118                           ;powerSystem.c: 39: if( time == 3 && battery_voltage >= 690 )
  1119  07CD  3003               	movlw	3
  1120  07CE  0679               	xorwf	main@time,w
  1121  07CF  047A               	iorwf	main@time+1,w
  1122  07D0  1D03               	btfss	3,2
  1123  07D1  2FC0               	goto	l50
  1124  07D2  3002               	movlw	2
  1125  07D3  0278               	subwf	main@battery_voltage+1,w
  1126  07D4  30B2               	movlw	178
  1127  07D5  1903               	skipnz
  1128  07D6  0277               	subwf	main@battery_voltage,w
  1129  07D7  1C03               	skipc
  1130  07D8  2FC0               	goto	l50
  1131                           
  1132                           ;powerSystem.c: 40: {
  1133                           ;powerSystem.c: 41: time = 0;
  1134  07D9  01F9               	clrf	main@time
  1135  07DA  01FA               	clrf	main@time+1
  1136                           
  1137                           ;powerSystem.c: 43: PORTCbits.RC4 = 1;
  1138  07DB  0020               	movlb	0	; select bank0
  1139  07DC  160E               	bsf	14,4	;volatile
  1140                           
  1141                           ;powerSystem.c: 45: for(unsigned char i = 0; i < 1; i++)
  1142  07DD  01FB               	clrf	main@i
  1143  07DE  087B               	movf	main@i,w
  1144  07DF  1D03               	btfss	3,2
  1145  07E0  2FFA               	goto	l53
  1146  07E1                     l52:	
  1147  07E1  0064               	clrwdt	;# 
  1148                           
  1149                           ;powerSystem.c: 48: _delay((unsigned long)((4000)*(1000000/4000.0)));
  1150  07E2  3006               	movlw	6
  1151  07E3  00F6               	movwf	??_main+2
  1152  07E4  3013               	movlw	19
  1153  07E5  00F5               	movwf	??_main+1
  1154  07E6  30B1               	movlw	177
  1155  07E7  00F4               	movwf	??_main
  1156  07E8                     u117:	
  1157  07E8  0BF4               	decfsz	??_main,f
  1158  07E9  2FE8               	goto	u117
  1159  07EA  0BF5               	decfsz	??_main+1,f
  1160  07EB  2FE8               	goto	u117
  1161  07EC  0BF6               	decfsz	??_main+2,f
  1162  07ED  2FE8               	goto	u117
  1163  07EE  3200               	nop2
  1164                           
  1165                           ;powerSystem.c: 49: time++;
  1166  07EF  3001               	movlw	1
  1167  07F0  07F9               	addwf	main@time,f
  1168  07F1  3000               	movlw	0
  1169  07F2  3DFA               	addwfc	main@time+1,f
  1170  07F3  3001               	movlw	1
  1171  07F4  00F4               	movwf	??_main
  1172  07F5  0874               	movf	??_main,w
  1173  07F6  07FB               	addwf	main@i,f
  1174  07F7  087B               	movf	main@i,w
  1175  07F8  1903               	btfsc	3,2
  1176  07F9  2FE1               	goto	l52
  1177  07FA                     l53:	
  1178                           
  1179                           ;powerSystem.c: 50: }
  1180                           ;powerSystem.c: 52: PORTCbits.RC4 = 0;
  1181  07FA  0020               	movlb	0	; select bank0
  1182  07FB  120E               	bcf	14,4	;volatile
  1183  07FC  2FC0               	goto	l50
  1184  07FD                     __end_of_main:	
  1185                           
  1186                           	psect	text1
  1187  076F                     __ptext1:	
  1188 ;; *************** function _ports_initialize *****************
  1189 ;; Defined at:
  1190 ;;		line 58 in file "powerSystem.c"
  1191 ;; Parameters:    Size  Location     Type
  1192 ;;		None
  1193 ;; Auto vars:     Size  Location     Type
  1194 ;;		None
  1195 ;; Return value:  Size  Location     Type
  1196 ;;                  1    wreg      void 
  1197 ;; Registers used:
  1198 ;;		wreg, status,2
  1199 ;; Tracked objects:
  1200 ;;		On entry : 0/0
  1201 ;;		On exit  : 0/0
  1202 ;;		Unchanged: 0/0
  1203 ;; Data sizes:     COMMON   BANK0   BANK1   BANK2   BANK3   BANK4   BANK5   BANK6
  1204 ;;      Params:         0       0       0       0       0       0       0       0
  1205 ;;      Locals:         0       0       0       0       0       0       0       0
  1206 ;;      Temps:          0       0       0       0       0       0       0       0
  1207 ;;      Totals:         0       0       0       0       0       0       0       0
  1208 ;;Total ram usage:        0 bytes
  1209 ;; Hardware stack levels used:    1
  1210 ;; This function calls:
  1211 ;;		Nothing
  1212 ;; This function is called by:
  1213 ;;		_main
  1214 ;; This function uses a non-reentrant model
  1215 ;;
  1216                           
  1217                           
  1218                           ;psect for function _ports_initialize
  1219  076F                     _ports_initialize:	
  1220                           
  1221                           ;powerSystem.c: 61: PORTA = 0x00;
  1222                           
  1223                           ;incstack = 0
  1224                           ; Regs used in _ports_initialize: [wreg+status,2]
  1225  076F  0020               	movlb	0	; select bank0
  1226  0770  018C               	clrf	12	;volatile
  1227                           
  1228                           ;powerSystem.c: 62: PORTC = 0x00;
  1229  0771  018E               	clrf	14	;volatile
  1230                           
  1231                           ;powerSystem.c: 64: TRISA = 0x2C;
  1232  0772  302C               	movlw	44
  1233  0773  0021               	movlb	1	; select bank1
  1234  0774  008C               	movwf	12	;volatile
  1235                           
  1236                           ;powerSystem.c: 68: TRISC = 0x0B;
  1237  0775  300B               	movlw	11
  1238  0776  008E               	movwf	14	;volatile
  1239                           
  1240                           ;powerSystem.c: 74: ANSELA = 0x24;
  1241  0777  3024               	movlw	36
  1242  0778  0023               	movlb	3	; select bank3
  1243  0779  008C               	movwf	12	;volatile
  1244                           
  1245                           ;powerSystem.c: 77: ANSELC = 0x00;
  1246  077A  018E               	clrf	14	;volatile
  1247  077B  0008               	return
  1248  077C                     __end_of_ports_initialize:	
  1249                           
  1250                           	psect	text2
  1251  078B                     __ptext2:	
  1252 ;; *************** function _SPI_initialize *****************
  1253 ;; Defined at:
  1254 ;;		line 4 in file "SPI.c"
  1255 ;; Parameters:    Size  Location     Type
  1256 ;;		None
  1257 ;; Auto vars:     Size  Location     Type
  1258 ;;		None
  1259 ;; Return value:  Size  Location     Type
  1260 ;;                  1    wreg      void 
  1261 ;; Registers used:
  1262 ;;		wreg, status,2, status,0
  1263 ;; Tracked objects:
  1264 ;;		On entry : 0/0
  1265 ;;		On exit  : 0/0
  1266 ;;		Unchanged: 0/0
  1267 ;; Data sizes:     COMMON   BANK0   BANK1   BANK2   BANK3   BANK4   BANK5   BANK6
  1268 ;;      Params:         0       0       0       0       0       0       0       0
  1269 ;;      Locals:         0       0       0       0       0       0       0       0
  1270 ;;      Temps:          0       0       0       0       0       0       0       0
  1271 ;;      Totals:         0       0       0       0       0       0       0       0
  1272 ;;Total ram usage:        0 bytes
  1273 ;; Hardware stack levels used:    1
  1274 ;; This function calls:
  1275 ;;		Nothing
  1276 ;; This function is called by:
  1277 ;;		_main
  1278 ;; This function uses a non-reentrant model
  1279 ;;
  1280                           
  1281                           
  1282                           ;psect for function _SPI_initialize
  1283  078B                     _SPI_initialize:	
  1284                           
  1285                           ;SPI.c: 6: PPSLOCK = 0x55;
  1286                           
  1287                           ;incstack = 0
  1288                           ; Regs used in _SPI_initialize: [wreg+status,2+status,0]
  1289  078B  3055               	movlw	85
  1290  078C  003C               	movlb	28	; select bank28
  1291  078D  008F               	movwf	15	;volatile
  1292                           
  1293                           ;SPI.c: 7: PPSLOCK = 0xAA;
  1294  078E  30AA               	movlw	170
  1295  078F  008F               	movwf	15	;volatile
  1296                           
  1297                           ;SPI.c: 8: PPSLOCKbits.PPSLOCKED = 0x00;
  1298  0790  100F               	bcf	15,0	;volatile
  1299                           
  1300                           ;SPI.c: 10: SSP1CLKPPSbits.SSP1CLKPPS = 0x0010;
  1301  0791  0820               	movf	32,w	;volatile
  1302  0792  39E0               	andlw	-32
  1303  0793  3810               	iorlw	16
  1304  0794  00A0               	movwf	32	;volatile
  1305                           
  1306                           ;SPI.c: 11: SSP1DATPPSbits.SSP1DATPPS = 0x0011;
  1307  0795  0821               	movf	33,w	;volatile
  1308  0796  39E0               	andlw	-32
  1309  0797  3811               	iorlw	17
  1310  0798  00A1               	movwf	33	;volatile
  1311                           
  1312                           ;SPI.c: 12: RC2PPSbits.RC2PPS = 0x0019;
  1313  0799  003D               	movlb	29	; select bank29
  1314  079A  0822               	movf	34,w	;volatile
  1315  079B  39E0               	andlw	-32
  1316  079C  3819               	iorlw	25
  1317  079D  00A2               	movwf	34	;volatile
  1318                           
  1319                           ;SPI.c: 13: SSP1SSPPSbits.SSP1SSPPS = 0x0013;
  1320  079E  003C               	movlb	28	; select bank28
  1321  079F  0822               	movf	34,w	;volatile
  1322  07A0  39E0               	andlw	-32
  1323  07A1  3813               	iorlw	19
  1324  07A2  00A2               	movwf	34	;volatile
  1325                           
  1326                           ;SPI.c: 15: PPSLOCK = 0x55;
  1327  07A3  3055               	movlw	85
  1328  07A4  008F               	movwf	15	;volatile
  1329                           
  1330                           ;SPI.c: 16: PPSLOCK = 0xAA;
  1331  07A5  30AA               	movlw	170
  1332  07A6  008F               	movwf	15	;volatile
  1333                           
  1334                           ;SPI.c: 17: PPSLOCKbits.PPSLOCKED = 0x01;
  1335  07A7  140F               	bsf	15,0	;volatile
  1336                           
  1337                           ;SPI.c: 19: SSP1STAT = 0x40;
  1338  07A8  3040               	movlw	64
  1339  07A9  0024               	movlb	4	; select bank4
  1340  07AA  0094               	movwf	20	;volatile
  1341                           
  1342                           ;SPI.c: 23: SSP1CON1 = 0x24;
  1343  07AB  3024               	movlw	36
  1344  07AC  0095               	movwf	21	;volatile
  1345                           
  1346                           ;SPI.c: 29: SSP1CON3 = 0x00;
  1347  07AD  0197               	clrf	23	;volatile
  1348  07AE  0008               	return
  1349  07AF                     __end_of_SPI_initialize:	
  1350                           
  1351                           	psect	text3
  1352  077C                     __ptext3:	
  1353 ;; *************** function _ADC_read *****************
  1354 ;; Defined at:
  1355 ;;		line 28 in file "ADC.c"
  1356 ;; Parameters:    Size  Location     Type
  1357 ;;  channel         1    wreg     unsigned char 
  1358 ;; Auto vars:     Size  Location     Type
  1359 ;;  channel         1    3[COMMON] unsigned char 
  1360 ;; Return value:  Size  Location     Type
  1361 ;;                  2    0[COMMON] unsigned int 
  1362 ;; Registers used:
  1363 ;;		wreg
  1364 ;; Tracked objects:
  1365 ;;		On entry : 0/0
  1366 ;;		On exit  : 0/0
  1367 ;;		Unchanged: 0/0
  1368 ;; Data sizes:     COMMON   BANK0   BANK1   BANK2   BANK3   BANK4   BANK5   BANK6
  1369 ;;      Params:         3       0       0       0       0       0       0       0
  1370 ;;      Locals:         1       0       0       0       0       0       0       0
  1371 ;;      Temps:          0       0       0       0       0       0       0       0
  1372 ;;      Totals:         4       0       0       0       0       0       0       0
  1373 ;;Total ram usage:        4 bytes
  1374 ;; Hardware stack levels used:    1
  1375 ;; This function calls:
  1376 ;;		Nothing
  1377 ;; This function is called by:
  1378 ;;		_main
  1379 ;; This function uses a non-reentrant model
  1380 ;;
  1381                           
  1382                           
  1383                           ;psect for function _ADC_read
  1384  077C                     _ADC_read:	
  1385                           
  1386                           ;incstack = 0
  1387                           ; Regs used in _ADC_read: [wreg]
  1388                           ;ADC_read@channel stored from wreg
  1389  077C  00F3               	movwf	ADC_read@channel
  1390                           
  1391                           ;ADC.c: 30: ADCON0 = channel;
  1392  077D  0873               	movf	ADC_read@channel,w
  1393  077E  0021               	movlb	1	; select bank1
  1394  077F  009D               	movwf	29	;volatile
  1395                           
  1396                           ;ADC.c: 31: _delay((unsigned long)((5)*(1000000/4000000.0)));
  1397  0780  0000               	nop
  1398                           
  1399                           ;ADC.c: 32: ADCON0bits.GO_nDONE = 1;
  1400  0781  0021               	movlb	1	; select bank1
  1401  0782  149D               	bsf	29,1	;volatile
  1402  0783                     l18:	
  1403                           ;ADC.c: 33: while(ADCON0bits.GO);
  1404                           
  1405  0783  189D               	btfsc	29,1	;volatile
  1406  0784  2F83               	goto	l18
  1407                           
  1408                           ;ADC.c: 34: ADCON0bits.ADON = 0;
  1409  0785  101D               	bcf	29,0	;volatile
  1410                           
  1411                           ;ADC.c: 36: return ((ADRESH << 8) | ADRESL);
  1412  0786  081C               	movf	28,w	;volatile
  1413  0787  00F1               	movwf	?_ADC_read+1
  1414  0788  081B               	movf	27,w	;volatile
  1415  0789  00F0               	movwf	?_ADC_read
  1416  078A  0008               	return
  1417  078B                     __end_of_ADC_read:	
  1418                           
  1419                           	psect	text4
  1420  076B                     __ptext4:	
  1421 ;; *************** function _ADC_initialize *****************
  1422 ;; Defined at:
  1423 ;;		line 15 in file "ADC.c"
  1424 ;; Parameters:    Size  Location     Type
  1425 ;;		None
  1426 ;; Auto vars:     Size  Location     Type
  1427 ;;		None
  1428 ;; Return value:  Size  Location     Type
  1429 ;;                  1    wreg      void 
  1430 ;; Registers used:
  1431 ;;		wreg
  1432 ;; Tracked objects:
  1433 ;;		On entry : 0/0
  1434 ;;		On exit  : 0/0
  1435 ;;		Unchanged: 0/0
  1436 ;; Data sizes:     COMMON   BANK0   BANK1   BANK2   BANK3   BANK4   BANK5   BANK6
  1437 ;;      Params:         0       0       0       0       0       0       0       0
  1438 ;;      Locals:         0       0       0       0       0       0       0       0
  1439 ;;      Temps:          0       0       0       0       0       0       0       0
  1440 ;;      Totals:         0       0       0       0       0       0       0       0
  1441 ;;Total ram usage:        0 bytes
  1442 ;; Hardware stack levels used:    1
  1443 ;; This function calls:
  1444 ;;		Nothing
  1445 ;; This function is called by:
  1446 ;;		_main
  1447 ;; This function uses a non-reentrant model
  1448 ;;
  1449                           
  1450                           
  1451                           ;psect for function _ADC_initialize
  1452  076B                     _ADC_initialize:	
  1453                           
  1454                           ;ADC.c: 24: ADCON1 = 0x80;
  1455                           
  1456                           ;incstack = 0
  1457                           ; Regs used in _ADC_initialize: [wreg]
  1458  076B  3080               	movlw	128
  1459  076C  0021               	movlb	1	; select bank1
  1460  076D  009E               	movwf	30	;volatile
  1461  076E  0008               	return
  1462  076F                     __end_of_ADC_initialize:	
  1463  007E                     btemp	set	126	;btemp
  1464  007E                     wtemp	set	126
  1465  007E                     wtemp0	set	126
  1466  0080                     wtemp1	set	128
  1467  0082                     wtemp2	set	130
  1468  0084                     wtemp3	set	132
  1469  0086                     wtemp4	set	134
  1470  0088                     wtemp5	set	136
  1471  007F                     wtemp6	set	127
  1472  007E                     ttemp	set	126
  1473  007E                     ttemp0	set	126
  1474  0081                     ttemp1	set	129
  1475  0084                     ttemp2	set	132
  1476  0087                     ttemp3	set	135
  1477  007F                     ttemp4	set	127
  1478  007E                     ltemp	set	126
  1479  007E                     ltemp0	set	126
  1480  0082                     ltemp1	set	130
  1481  0086                     ltemp2	set	134
  1482  0080                     ltemp3	set	128


Data Sizes:
    Strings     0
    Constant    0
    Data        0
    BSS         0
    Persistent  0
    Stack       0

Auto Spaces:
    Space          Size  Autos    Used
    COMMON           14     12      12
    BANK0            80      0       0
    BANK1            80      0       0
    BANK2            80      0       0
    BANK3            80      0       0
    BANK4            80      0       0
    BANK5            80      0       0
    BANK6            16      0       0

Pointer List with Targets:

    None.

Critical Paths under _main in COMMON

    _main->_ADC_read

Critical Paths under _main in BANK0

    None.

Critical Paths under _main in BANK1

    None.

Critical Paths under _main in BANK2

    None.

Critical Paths under _main in BANK3

    None.

Critical Paths under _main in BANK4

    None.

Critical Paths under _main in BANK5

    None.

Critical Paths under _main in BANK6

    None.

Call Graph Tables:

 ---------------------------------------------------------------------------------
 (Depth) Function   	        Calls       Base Space   Used Autos Params    Refs
 ---------------------------------------------------------------------------------
 (0) _main                                                 8     8      0     118
                                              4 COMMON     8     8      0
                     _ADC_initialize
                           _ADC_read
                     _SPI_initialize
                   _ports_initialize
 ---------------------------------------------------------------------------------
 (1) _ports_initialize                                     0     0      0       0
 ---------------------------------------------------------------------------------
 (1) _SPI_initialize                                       0     0      0       0
 ---------------------------------------------------------------------------------
 (1) _ADC_read                                             4     1      3      22
                                              0 COMMON     4     1      3
 ---------------------------------------------------------------------------------
 (1) _ADC_initialize                                       0     0      0       0
 ---------------------------------------------------------------------------------
 Estimated maximum stack depth 1
 ---------------------------------------------------------------------------------

 Call Graph Graphs:

 _main (ROOT)
   _ADC_initialize
   _ADC_read
   _SPI_initialize
   _ports_initialize

 Address spaces:
Name               Size   Autos  Total    Cost      Usage
BIGRAM             1F0      0       0       0        0.0%
EEDATA             100      0       0       0        0.0%
NULL                 0      0       0       0        0.0%
CODE                 0      0       0       0        0.0%
BITCOMMON            E      0       0       1        0.0%
BITSFR0              0      0       0       1        0.0%
SFR0                 0      0       0       1        0.0%
COMMON               E      C       C       2       85.7%
BITSFR1              0      0       0       2        0.0%
SFR1                 0      0       0       2        0.0%
BITSFR2              0      0       0       3        0.0%
SFR2                 0      0       0       3        0.0%
STACK                0      0       0       3        0.0%
BITSFR3              0      0       0       4        0.0%
SFR3                 0      0       0       4        0.0%
ABS                  0      0       0       4        0.0%
BITBANK0            50      0       0       5        0.0%
BITSFR4              0      0       0       5        0.0%
SFR4                 0      0       0       5        0.0%
BANK0               50      0       0       6        0.0%
BITSFR5              0      0       0       6        0.0%
SFR5                 0      0       0       6        0.0%
BITBANK1            50      0       0       7        0.0%
BITSFR6              0      0       0       7        0.0%
SFR6                 0      0       0       7        0.0%
BANK1               50      0       0       8        0.0%
BITSFR7              0      0       0       8        0.0%
SFR7                 0      0       0       8        0.0%
BITBANK2            50      0       0       9        0.0%
BITSFR8              0      0       0       9        0.0%
SFR8                 0      0       0       9        0.0%
BANK2               50      0       0      10        0.0%
BITSFR9              0      0       0      10        0.0%
SFR9                 0      0       0      10        0.0%
BITBANK3            50      0       0      11        0.0%
BITSFR10             0      0       0      11        0.0%
SFR10                0      0       0      11        0.0%
BANK3               50      0       0      12        0.0%
BITSFR11             0      0       0      12        0.0%
SFR11                0      0       0      12        0.0%
BITBANK4            50      0       0      13        0.0%
BITSFR12             0      0       0      13        0.0%
SFR12                0      0       0      13        0.0%
BANK4               50      0       0      14        0.0%
BITSFR13             0      0       0      14        0.0%
SFR13                0      0       0      14        0.0%
BITBANK5            50      0       0      15        0.0%
BITSFR14             0      0       0      15        0.0%
SFR14                0      0       0      15        0.0%
BANK5               50      0       0      16        0.0%
BITSFR15             0      0       0      16        0.0%
SFR15                0      0       0      16        0.0%
BITBANK6            10      0       0      17        0.0%
BITSFR16             0      0       0      17        0.0%
SFR16                0      0       0      17        0.0%
BANK6               10      0       0      18        0.0%
BITSFR17             0      0       0      18        0.0%
SFR17                0      0       0      18        0.0%
BITSFR18             0      0       0      19        0.0%
SFR18                0      0       0      19        0.0%
DATA                 0      0       0      19        0.0%
BITSFR19             0      0       0      20        0.0%
SFR19                0      0       0      20        0.0%
BITSFR20             0      0       0      21        0.0%
SFR20                0      0       0      21        0.0%
BITSFR21             0      0       0      22        0.0%
SFR21                0      0       0      22        0.0%
BITSFR22             0      0       0      23        0.0%
SFR22                0      0       0      23        0.0%
BITSFR23             0      0       0      24        0.0%
SFR23                0      0       0      24        0.0%
BITSFR24             0      0       0      25        0.0%
SFR24                0      0       0      25        0.0%
BITSFR25             0      0       0      26        0.0%
SFR25                0      0       0      26        0.0%
BITSFR26             0      0       0      27        0.0%
SFR26                0      0       0      27        0.0%
BITSFR27             0      0       0      28        0.0%
SFR27                0      0       0      28        0.0%
BITSFR28             0      0       0      29        0.0%
SFR28                0      0       0      29        0.0%
BITSFR29             0      0       0      30        0.0%
SFR29                0      0       0      30        0.0%
BITSFR30             0      0       0      31        0.0%
SFR30                0      0       0      31        0.0%
BITSFR31             0      0       0      32        0.0%
SFR31                0      0       0      32        0.0%


Microchip Technology PIC Macro Assembler V1.37 build -260352376 
Symbol Table                                                                                   Wed Apr  6 01:09:58 2016

              __CFG_CP$OFF 0000                         l18 0783                         l50 07C0  
                       l52 07E1                         l53 07FA                        u117 07E8  
             __CFG_CPD$OFF 0000               __CFG_LVP$OFF 0000               __CFG_WDTE$ON 0000  
             __CFG_WRT$OFF 0000              __CFG_FCMEN$ON 0000                       _main 07AF  
__size_of_ports_initialize 000D                       btemp 007E              __CFG_BOREN$ON 0000  
                     ltemp 007E              __CFG_BORV$LOW 0000                       start 0002  
                     ttemp 007E                       wtemp 007E           __end_of_ADC_read 078B  
            __CFG_CSWEN$ON 0000              __CFG_MCLRE$ON 0000    __size_of_SPI_initialize 0024  
                    ?_main 0070             __CFG_DEBUG$OFF 0000                      _PORTA 000C  
                    _PORTC 000E                      _TRISA 008C                      _TRISC 008E  
                    main@i 007B                      ltemp0 007E                      ltemp1 0082  
                    ltemp2 0086                      ltemp3 0080                      ttemp0 007E  
                    ttemp1 0081                      ttemp2 0084                      ttemp3 0087  
                    ttemp4 007F                      status 0003                      wtemp0 007E  
                    wtemp1 0080                      wtemp2 0082                      wtemp3 0084  
                    wtemp4 0086                      wtemp5 0088                      wtemp6 007F  
          __initialization 07FD               __end_of_main 07FD                     ??_main 0074  
                   _ADCON0 009D                     _ADCON1 009E                     _ADRESH 009C  
                   _ADRESL 009B                     _ANSELA 018C                     _ANSELC 018E  
       __CFG_RSTOSC$HFINT1 0000                     _WDTCON 0097             __CFG_PWRTE$OFF 0000  
         ??_ADC_initialize 0070             __CFG_STVREN$ON 0000                  ?_ADC_read 0070  
  __end_of__initialization 07FD           _ports_initialize 076F             __pcstackCOMMON 0070  
           _SPI_initialize 078B            ADC_read@channel 0073                 ??_ADC_read 0073  
           _SSP1DATPPSbits 0E21                 __pmaintext 07AF     __end_of_SPI_initialize 07AF  
          __CFG_PPS1WAY$ON 0000             _SSP1CLKPPSbits 0E20                    _PPSLOCK 0E0F  
          ?_SPI_initialize 0070                    __ptext1 076F                    __ptext2 078B  
                  __ptext3 077C                    __ptext4 076B       end_of_initialization 07FD  
      main@battery_voltage 0077                  _PORTCbits 000E   __end_of_ports_initialize 077C  
         __CFG_FEXTOSC$OFF 0000          __size_of_ADC_read 000F        start_initialization 07FD  
         __CFG_LPBOREN$OFF 0000    __size_of_ADC_initialize 0004                  ___latbits 0001  
         ??_SPI_initialize 0070                   _ADC_read 077C                   _SSP1CON1 0215  
                 _SSP1CON3 0217                   _SSP1STAT 0214                 _ADCON0bits 009D  
        ?_ports_initialize 0070         ??_ports_initialize 0070              _SSP1SSPPSbits 0E22  
           _ADC_initialize 076B              __size_of_main 004E                 _RC2PPSbits 0EA2  
   __end_of_ADC_initialize 076F                   main@time 0079          __CFG_CLKOUTEN$OFF 0000  
              _PPSLOCKbits 0E0F            ?_ADC_initialize 0070  
